<?xml version="1.0" encoding="UTF-8"?>
<!-- Generated by org.testng.reporters.JUnitXMLReporter -->
<testsuite ignored="0" hostname="DESKTOP-J8VA1KP" failures="1" tests="23" name="Default test" time="1866.979" errors="0" timestamp="2023-02-23T18:24:44 IST">
  <testcase classname="approval.ApprovalcountStatutory" name="Login" time="24.546"/>
  <testcase classname="approval.ApprovalcountStatutory" name="CategoriesCountMatch" time="84.273"/>
  <testcase classname="approval.ApprovalcountStatutory" name="UniqueCompliancesCountMatch" time="19.78"/>
  <testcase classname="approval.ApprovalcountStatutory" name="TotalCompliancesCountMatch" time="19.849"/>
  <testcase classname="approval.ApprovalcountStatutory" name="UsersCountMatch" time="27.009"/>
  <testcase classname="approval.ApprovalcountStatutory" name="SummaryofOverdueCompliances" time="37.024"/>
  <testcase classname="approval.ApprovalcountStatutory" name="NotCompleted_PieChart" time="129.721"/>
  <testcase classname="approval.ApprovalcountStatutory" name="ClosedDelayed_PieChart" time="167.001"/>
  <testcase classname="approval.ApprovalcountStatutory" name="ClosedTimely_PieChart" time="163.738"/>
  <testcase classname="approval.ApprovalcountStatutory" name="Overdue_PieChart" time="134.575"/>
  <testcase classname="approval.ApprovalcountStatutory" name="pendingForReview_PieChart" time="142.154"/>
  <testcase classname="approval.ApprovalcountStatutory" name="rejected_PieChart" time="139.454"/>
  <testcase classname="approval.ApprovalcountStatutory" name="RiskSummaryHighStatutory" time="112.078"/>
  <testcase classname="approval.ApprovalcountStatutory" name="DepartmentSummaryAccountStatutory" time="159.052"/>
  <testcase classname="approval.ApprovalcountStatutory" name="NotCompleted_PieChartPeriod" time="44.061"/>
  <testcase classname="approval.ApprovalcountStatutory" name="ClosedTimely_PieChartPeriod" time="50.291"/>
  <testcase classname="approval.ApprovalcountStatutory" name="Overdue_PieChartPeriod" time="50.649"/>
  <testcase classname="approval.ApprovalcountStatutory" name="pendingForReview_PieChartPeriod" time="51.709"/>
  <testcase classname="approval.ApprovalcountStatutory" name="GradingReportStatutory" time="29.937"/>
  <testcase classname="approval.ApprovalcountStatutory" name="complianceCalendar" time="61.512"/>
  <testcase classname="approval.ApprovalcountStatutory" name="DailyUpdates" time="39.388"/>
  <testcase classname="approval.ApprovalcountStatutory" name="NewsLetter" time="16.835"/>
  <testcase classname="approval.ApprovalcountStatutory" name="DetailedReportRe" time="155.02">
    <failure type="org.openqa.selenium.TimeoutException" message="Expected condition failed: waiting for presence of element located by: By.xpath: //*[@id=&amp;apos;grid&amp;apos;]/div[2]/table/tbody/tr/td/a[3] (tried for 140 second(s) with 500 milliseconds interval)">
      <![CDATA[org.openqa.selenium.TimeoutException: Expected condition failed: waiting for presence of element located by: By.xpath: //*[@id='grid']/div[2]/table/tbody/tr/td/a[3] (tried for 140 second(s) with 500 milliseconds interval)
at org.openqa.selenium.support.ui.WebDriverWait.timeoutException(WebDriverWait.java:95)
at org.openqa.selenium.support.ui.FluentWait.until(FluentWait.java:272)
at approval.ApprovalcountPOM.DetailedReportRe(ApprovalcountPOM.java:1798)
at approval.ApprovalcountStatutory.DetailedReportRe(ApprovalcountStatutory.java:2079)
at java.base/jdk.internal.reflect.NativeMethodAccessorImpl.invoke0(Native Method)
at java.base/jdk.internal.reflect.NativeMethodAccessorImpl.invoke(NativeMethodAccessorImpl.java:77)
at java.base/jdk.internal.reflect.DelegatingMethodAccessorImpl.invoke(DelegatingMethodAccessorImpl.java:43)
at java.base/java.lang.reflect.Method.invoke(Method.java:568)
at org.testng.internal.MethodInvocationHelper.invokeMethod(MethodInvocationHelper.java:133)
at org.testng.internal.TestInvoker.invokeMethod(TestInvoker.java:598)
at org.testng.internal.TestInvoker.invokeTestMethod(TestInvoker.java:173)
at org.testng.internal.MethodRunner.runInSequence(MethodRunner.java:46)
at org.testng.internal.TestInvoker$MethodInvocationAgent.invoke(TestInvoker.java:824)
at org.testng.internal.TestInvoker.invokeTestMethods(TestInvoker.java:146)
at org.testng.internal.TestMethodWorker.invokeTestMethods(TestMethodWorker.java:146)
at org.testng.internal.TestMethodWorker.run(TestMethodWorker.java:128)
at java.base/java.util.ArrayList.forEach(ArrayList.java:1511)
at org.testng.TestRunner.privateRun(TestRunner.java:794)
at org.testng.TestRunner.run(TestRunner.java:596)
at org.testng.SuiteRunner.runTest(SuiteRunner.java:377)
at org.testng.SuiteRunner.runSequentially(SuiteRunner.java:371)
at org.testng.SuiteRunner.privateRun(SuiteRunner.java:332)
at org.testng.SuiteRunner.run(SuiteRunner.java:276)
at org.testng.SuiteRunnerWorker.runSuite(SuiteRunnerWorker.java:53)
at org.testng.SuiteRunnerWorker.run(SuiteRunnerWorker.java:96)
at org.testng.TestNG.runSuitesSequentially(TestNG.java:1212)
at org.testng.TestNG.runSuitesLocally(TestNG.java:1134)
at org.testng.TestNG.runSuites(TestNG.java:1063)
at org.testng.TestNG.run(TestNG.java:1031)
at org.testng.remote.AbstractRemoteTestNG.run(AbstractRemoteTestNG.java:115)
at org.testng.remote.RemoteTestNG.initAndRun(RemoteTestNG.java:251)
at org.testng.remote.RemoteTestNG.main(RemoteTestNG.java:77)
Caused by: org.openqa.selenium.NoSuchElementException: no such element: Unable to locate element: {"method":"xpath","selector":"//*[@id='grid']/div[2]/table/tbody/tr/td/a[3]"}
  (Session info: chrome=110.0.5481.104)
For documentation on this error, please visit: http://seleniumhq.org/exceptions/no_such_element.html
Build info: version: '3.141.0', revision: '2ecb7d9a', time: '2018-10-31T20:09:30'
System info: host: 'DESKTOP-J8VA1KP', ip: '192.168.1.3', os.name: 'Windows 10', os.arch: 'amd64', os.version: '10.0', java.version: '17.0.5'
Driver info: org.openqa.selenium.chrome.ChromeDriver
Capabilities {acceptInsecureCerts: false, browserName: chrome, browserVersion: 110.0.5481.104, chrome: {chromedriverVersion: 110.0.5481.77 (65ed616c6e8e..., userDataDir: C:\Users\MAYURI~1\AppData\L...}, goog:chromeOptions: {debuggerAddress: localhost:53639}, javascriptEnabled: true, networkConnectionEnabled: false, pageLoadStrategy: normal, platform: WINDOWS, platformName: WINDOWS, proxy: Proxy(), setWindowRect: true, strictFileInteractability: false, timeouts: {implicit: 0, pageLoad: 300000, script: 30000}, unhandledPromptBehavior: dismiss and notify, webauthn:extension:credBlob: true, webauthn:extension:largeBlob: true, webauthn:virtualAuthenticators: true}
Session ID: 9bd9ad85b2336b564f58d02773f421e7
*** Element info: {Using=xpath, value=//*[@id='grid']/div[2]/table/tbody/tr/td/a[3]}
at jdk.internal.reflect.GeneratedConstructorAccessor31.newInstance(Unknown Source)
at java.base/jdk.internal.reflect.DelegatingConstructorAccessorImpl.newInstance(DelegatingConstructorAccessorImpl.java:45)
at java.base/java.lang.reflect.Constructor.newInstanceWithCaller(Constructor.java:499)
at java.base/java.lang.reflect.Constructor.newInstance(Constructor.java:480)
at org.openqa.selenium.remote.http.W3CHttpResponseCodec.createException(W3CHttpResponseCodec.java:187)
at org.openqa.selenium.remote.http.W3CHttpResponseCodec.decode(W3CHttpResponseCodec.java:122)
at org.openqa.selenium.remote.http.W3CHttpResponseCodec.decode(W3CHttpResponseCodec.java:49)
at org.openqa.selenium.remote.HttpCommandExecutor.execute(HttpCommandExecutor.java:158)
at org.openqa.selenium.remote.service.DriverCommandExecutor.execute(DriverCommandExecutor.java:83)
at org.openqa.selenium.remote.RemoteWebDriver.execute(RemoteWebDriver.java:552)
at org.openqa.selenium.remote.RemoteWebDriver.findElement(RemoteWebDriver.java:323)
at org.openqa.selenium.remote.RemoteWebDriver.findElementByXPath(RemoteWebDriver.java:428)
at org.openqa.selenium.By$ByXPath.findElement(By.java:353)
at org.openqa.selenium.remote.RemoteWebDriver.findElement(RemoteWebDriver.java:315)
at org.openqa.selenium.support.ui.ExpectedConditions$6.apply(ExpectedConditions.java:182)
at org.openqa.selenium.support.ui.ExpectedConditions$6.apply(ExpectedConditions.java:179)
at org.openqa.selenium.support.ui.FluentWait.until(FluentWait.java:249)
... 30 more
]]>
    </failure>
  </testcase> <!-- DetailedReportRe -->
</testsuite> <!-- Default test -->
