<?xml version="1.0" encoding="UTF-8"?>
<!-- Generated by org.testng.reporters.JUnitReportReporter -->
<testsuite hostname="DESKTOP-J8VA1KP" failures="0" tests="51" name="approval.ApprovalcountStatutory" time="2683.403" errors="2" timestamp="2023-02-12T18:41:08 IST" skipped="0">
  <testcase classname="approval.ApprovalcountStatutory" name="Login" time="24.759"/>
  <system-out/>
  <testcase classname="approval.ApprovalcountStatutory" name="FilterWiseCategoriesCountMatch" time="44.289"/>
  <system-out/>
  <testcase classname="approval.ApprovalcountStatutory" name="CategoriesCountMatch" time="80.719"/>
  <system-out/>
  <testcase classname="approval.ApprovalcountStatutory" name="UniqueCompliancesCountMatch" time="19.592"/>
  <system-out/>
  <testcase classname="approval.ApprovalcountStatutory" name="TotalCompliancesCountMatch" time="19.569"/>
  <system-out/>
  <testcase classname="approval.ApprovalcountStatutory" name="UsersCountMatch" time="26.563"/>
  <system-out/>
  <testcase classname="approval.ApprovalcountStatutory" name="SummaryofOverdueCompliances" time="36.744"/>
  <system-out/>
  <testcase classname="approval.ApprovalcountStatutory" name="NotCompleted_PieChart" time="39.566"/>
  <system-out/>
  <testcase classname="approval.ApprovalcountStatutory" name="ClosedDelayed_PieChart" time="48.641"/>
  <system-out/>
  <testcase classname="approval.ApprovalcountStatutory" name="ClosedTimely_PieChart" time="45.300"/>
  <system-out/>
  <testcase classname="approval.ApprovalcountStatutory" name="Overdue_PieChart" time="44.190"/>
  <system-out/>
  <testcase classname="approval.ApprovalcountStatutory" name="pendingForReview_PieChart" time="54.150"/>
  <system-out/>
  <testcase classname="approval.ApprovalcountStatutory" name="rejected_PieChart" time="68.795"/>
  <system-out/>
  <testcase classname="approval.ApprovalcountStatutory" name="RiskSummaryHighStatutory" time="85.989"/>
  <system-out/>
  <testcase classname="approval.ApprovalcountStatutory" name="DepartmentSummaryAccountStatutory" time="132.362"/>
  <system-out/>
  <testcase classname="approval.ApprovalcountStatutory" name="NotCompleted_PieChartPeriod" time="44.154"/>
  <system-out/>
  <testcase classname="approval.ApprovalcountStatutory" name="ClosedTimely_PieChartPeriod" time="50.363"/>
  <system-out/>
  <testcase classname="approval.ApprovalcountStatutory" name="Overdue_PieChartPeriod" time="49.372"/>
  <system-out/>
  <testcase classname="approval.ApprovalcountStatutory" name="pendingForReview_PieChartPeriod" time="52.026"/>
  <system-out/>
  <testcase classname="approval.ApprovalcountStatutory" name="GradingReportStatutory" time="29.759"/>
  <system-out/>
  <testcase classname="approval.ApprovalcountStatutory" name="complianceCalendar" time="61.484"/>
  <system-out/>
  <testcase classname="approval.ApprovalcountStatutory" name="DailyUpdates" time="38.822"/>
  <system-out/>
  <testcase classname="approval.ApprovalcountStatutory" name="NewsLetter" time="16.509"/>
  <system-out/>
  <testcase classname="approval.ApprovalcountStatutory" name="StandardReportOverall" time="52.572"/>
  <system-out/>
  <testcase classname="approval.ApprovalcountStatutory" name="StandardReportLocation" time="52.392"/>
  <system-out/>
  <testcase classname="approval.ApprovalcountStatutory" name="StandardReportUser" time="51.402"/>
  <system-out/>
  <testcase classname="approval.ApprovalcountStatutory" name="StandardReportCategory" time="53.162"/>
  <system-out/>
  <testcase classname="approval.ApprovalcountStatutory" name="StandardReportRisk" time="52.114"/>
  <system-out/>
  <testcase classname="approval.ApprovalcountStatutory" name="StandardReportDetailed" time="40.418"/>
  <system-out/>
  <testcase classname="approval.ApprovalcountStatutory" name="StandardReportCriticalRisk" time="52.356"/>
  <system-out/>
  <testcase classname="approval.ApprovalcountStatutory" name="StandardReportDepartment" time="39.038"/>
  <system-out/>
  <testcase classname="approval.ApprovalcountStatutory" name="StandardReportOverallIN" time="55.456"/>
  <system-out/>
  <testcase classname="approval.ApprovalcountStatutory" name="StandardReportLocationIN" time="55.141"/>
  <system-out/>
  <testcase classname="approval.ApprovalcountStatutory" name="StandardReportUserIn" time="56.357"/>
  <system-out/>
  <testcase classname="approval.ApprovalcountStatutory" name="StandardReportCategoryIn" time="61.534"/>
  <system-out/>
  <testcase classname="approval.ApprovalcountStatutory" name="StandardReportRiskIN" time="54.855"/>
  <system-out/>
  <testcase classname="approval.ApprovalcountStatutory" name="StandardReportDetailedIN" time="47.206"/>
  <system-out/>
  <testcase classname="approval.ApprovalcountStatutory" name="StandardReportCriticalRiskIN" time="55.054"/>
  <system-out/>
  <testcase classname="approval.ApprovalcountStatutory" name="StandardReportDepartmentIN" time="43.073"/>
  <system-out/>
  <testcase classname="approval.ApprovalcountStatutory" name="DetailedReport" time="137.153"/>
  <system-out/>
  <testcase classname="approval.ApprovalcountStatutory" name="DetailedReportIn" time="178.185"/>
  <system-out/>
  <testcase classname="approval.ApprovalcountStatutory" name="AssignmentReport" time="39.021"/>
  <system-out/>
  <testcase classname="approval.ApprovalcountStatutory" name="ComplianceRepository" time="24.132"/>
  <system-out/>
  <testcase classname="approval.ApprovalcountStatutory" name="ComplianceDocuments" time="73.263"/>
  <system-out/>
  <testcase classname="approval.ApprovalcountStatutory" name="ComplianceDocumentsIN" time="134.374"/>
  <system-out/>
  <testcase classname="approval.ApprovalcountStatutory" name="CriticalDocuments" time="55.933"/>
  <system-out/>
  <testcase classname="approval.ApprovalcountStatutory" name="ActDocuments" time="40.747"/>
  <system-out/>
  <testcase classname="approval.ApprovalcountStatutory" name="InternalMsg" time="23.173"/>
  <system-out/>
  <testcase classname="approval.ApprovalcountStatutory" name="SupportTicket" time="15.624"/>
  <system-out/>
  <testcase classname="approval.ApprovalcountStatutory" name="MyNotifications" time="13.138">
    <error message="no such element: Unable to locate element: {&quot;method&quot;:&quot;xpath&quot;,&quot;selector&quot;:&quot;//*[@id=&#039;ContentPlaceHolder1_GridNotifications_lnkShowDetails_0&#039;]&quot;}
  (Session info: chrome=110.0.5481.78)
For documentation on this error, please visit: http://seleniumhq.org/exceptions/no_such_element.html
Build info: version: &#039;3.141.0&#039;, revision: &#039;2ecb7d9a&#039;, time: &#039;2018-10-31T20:09:30&#039;
System info: host: &#039;DESKTOP-J8VA1KP&#039;, ip: &#039;192.168.1.2&#039;, os.name: &#039;Windows 10&#039;, os.arch: &#039;amd64&#039;, os.version: &#039;10.0&#039;, java.version: &#039;17.0.5&#039;
Driver info: org.openqa.selenium.chrome.ChromeDriver
Capabilities {acceptInsecureCerts: false, browserName: chrome, browserVersion: 110.0.5481.78, chrome: {chromedriverVersion: 110.0.5481.77 (65ed616c6e8e..., userDataDir: C:\Users\MAYURI~1\AppData\L...}, goog:chromeOptions: {debuggerAddress: localhost:50161}, javascriptEnabled: true, networkConnectionEnabled: false, pageLoadStrategy: normal, platform: WINDOWS, platformName: WINDOWS, proxy: Proxy(), setWindowRect: true, strictFileInteractability: false, timeouts: {implicit: 0, pageLoad: 300000, script: 30000}, unhandledPromptBehavior: dismiss and notify, webauthn:extension:credBlob: true, webauthn:extension:largeBlob: true, webauthn:virtualAuthenticators: true}
Session ID: 8afed2694044bcc85e3d442709c85f2b
*** Element info: {Using=xpath, value=//*[@id=&#039;ContentPlaceHolder1_GridNotifications_lnkShowDetails_0&#039;]}" type="org.openqa.selenium.NoSuchElementException">
      <![CDATA[org.openqa.selenium.NoSuchElementException: no such element: Unable to locate element: {"method":"xpath","selector":"//*[@id='ContentPlaceHolder1_GridNotifications_lnkShowDetails_0']"}
  (Session info: chrome=110.0.5481.78)
For documentation on this error, please visit: http://seleniumhq.org/exceptions/no_such_element.html
Build info: version: '3.141.0', revision: '2ecb7d9a', time: '2018-10-31T20:09:30'
System info: host: 'DESKTOP-J8VA1KP', ip: '192.168.1.2', os.name: 'Windows 10', os.arch: 'amd64', os.version: '10.0', java.version: '17.0.5'
Driver info: org.openqa.selenium.chrome.ChromeDriver
Capabilities {acceptInsecureCerts: false, browserName: chrome, browserVersion: 110.0.5481.78, chrome: {chromedriverVersion: 110.0.5481.77 (65ed616c6e8e..., userDataDir: C:\Users\MAYURI~1\AppData\L...}, goog:chromeOptions: {debuggerAddress: localhost:50161}, javascriptEnabled: true, networkConnectionEnabled: false, pageLoadStrategy: normal, platform: WINDOWS, platformName: WINDOWS, proxy: Proxy(), setWindowRect: true, strictFileInteractability: false, timeouts: {implicit: 0, pageLoad: 300000, script: 30000}, unhandledPromptBehavior: dismiss and notify, webauthn:extension:credBlob: true, webauthn:extension:largeBlob: true, webauthn:virtualAuthenticators: true}
Session ID: 8afed2694044bcc85e3d442709c85f2b
*** Element info: {Using=xpath, value=//*[@id='ContentPlaceHolder1_GridNotifications_lnkShowDetails_0']}
at java.base/jdk.internal.reflect.NativeConstructorAccessorImpl.newInstance0(Native Method)
at java.base/jdk.internal.reflect.NativeConstructorAccessorImpl.newInstance(NativeConstructorAccessorImpl.java:77)
at java.base/jdk.internal.reflect.DelegatingConstructorAccessorImpl.newInstance(DelegatingConstructorAccessorImpl.java:45)
at java.base/java.lang.reflect.Constructor.newInstanceWithCaller(Constructor.java:499)
at java.base/java.lang.reflect.Constructor.newInstance(Constructor.java:480)
at org.openqa.selenium.remote.http.W3CHttpResponseCodec.createException(W3CHttpResponseCodec.java:187)
at org.openqa.selenium.remote.http.W3CHttpResponseCodec.decode(W3CHttpResponseCodec.java:122)
at org.openqa.selenium.remote.http.W3CHttpResponseCodec.decode(W3CHttpResponseCodec.java:49)
at org.openqa.selenium.remote.HttpCommandExecutor.execute(HttpCommandExecutor.java:158)
at org.openqa.selenium.remote.service.DriverCommandExecutor.execute(DriverCommandExecutor.java:83)
at org.openqa.selenium.remote.RemoteWebDriver.execute(RemoteWebDriver.java:552)
at org.openqa.selenium.remote.RemoteWebDriver.findElement(RemoteWebDriver.java:323)
at org.openqa.selenium.remote.RemoteWebDriver.findElementByXPath(RemoteWebDriver.java:428)
at org.openqa.selenium.By$ByXPath.findElement(By.java:353)
at org.openqa.selenium.remote.RemoteWebDriver.findElement(RemoteWebDriver.java:315)
at cfo.CFOcountPOM.clickViewBtnNO(CFOcountPOM.java:1857)
at approval.ApprovalcountStatutory.MyNotifications(ApprovalcountStatutory.java:2166)
at java.base/jdk.internal.reflect.NativeMethodAccessorImpl.invoke0(Native Method)
at java.base/jdk.internal.reflect.NativeMethodAccessorImpl.invoke(NativeMethodAccessorImpl.java:77)
at java.base/jdk.internal.reflect.DelegatingMethodAccessorImpl.invoke(DelegatingMethodAccessorImpl.java:43)
at java.base/java.lang.reflect.Method.invoke(Method.java:568)
at org.testng.internal.MethodInvocationHelper.invokeMethod(MethodInvocationHelper.java:133)
at org.testng.internal.TestInvoker.invokeMethod(TestInvoker.java:598)
at org.testng.internal.TestInvoker.invokeTestMethod(TestInvoker.java:173)
at org.testng.internal.MethodRunner.runInSequence(MethodRunner.java:46)
at org.testng.internal.TestInvoker$MethodInvocationAgent.invoke(TestInvoker.java:824)
at org.testng.internal.TestInvoker.invokeTestMethods(TestInvoker.java:146)
at org.testng.internal.TestMethodWorker.invokeTestMethods(TestMethodWorker.java:146)
at org.testng.internal.TestMethodWorker.run(TestMethodWorker.java:128)
at java.base/java.util.ArrayList.forEach(ArrayList.java:1511)
at org.testng.TestRunner.privateRun(TestRunner.java:794)
at org.testng.TestRunner.run(TestRunner.java:596)
at org.testng.SuiteRunner.runTest(SuiteRunner.java:377)
at org.testng.SuiteRunner.runSequentially(SuiteRunner.java:371)
at org.testng.SuiteRunner.privateRun(SuiteRunner.java:332)
at org.testng.SuiteRunner.run(SuiteRunner.java:276)
at org.testng.SuiteRunnerWorker.runSuite(SuiteRunnerWorker.java:53)
at org.testng.SuiteRunnerWorker.run(SuiteRunnerWorker.java:96)
at org.testng.TestNG.runSuitesSequentially(TestNG.java:1212)
at org.testng.TestNG.runSuitesLocally(TestNG.java:1134)
at org.testng.TestNG.runSuites(TestNG.java:1063)
at org.testng.TestNG.run(TestNG.java:1031)
at org.testng.remote.AbstractRemoteTestNG.run(AbstractRemoteTestNG.java:115)
at org.testng.remote.RemoteTestNG.initAndRun(RemoteTestNG.java:251)
at org.testng.remote.RemoteTestNG.main(RemoteTestNG.java:77)
]]>
    </error>
  </testcase> <!-- MyNotifications -->
  <system-out/>
  <testcase classname="approval.ApprovalcountStatutory" name="MessageCenter" time="12.813">
    <error message="no such element: Unable to locate element: {&quot;method&quot;:&quot;xpath&quot;,&quot;selector&quot;:&quot;//*[@id=&#039;ContentPlaceHolder1_grdUserReminder&#039;]/tbody/tr[2]/td[6]/a&quot;}
  (Session info: chrome=110.0.5481.78)
For documentation on this error, please visit: http://seleniumhq.org/exceptions/no_such_element.html
Build info: version: &#039;3.141.0&#039;, revision: &#039;2ecb7d9a&#039;, time: &#039;2018-10-31T20:09:30&#039;
System info: host: &#039;DESKTOP-J8VA1KP&#039;, ip: &#039;192.168.1.2&#039;, os.name: &#039;Windows 10&#039;, os.arch: &#039;amd64&#039;, os.version: &#039;10.0&#039;, java.version: &#039;17.0.5&#039;
Driver info: org.openqa.selenium.chrome.ChromeDriver
Capabilities {acceptInsecureCerts: false, browserName: chrome, browserVersion: 110.0.5481.78, chrome: {chromedriverVersion: 110.0.5481.77 (65ed616c6e8e..., userDataDir: C:\Users\MAYURI~1\AppData\L...}, goog:chromeOptions: {debuggerAddress: localhost:50161}, javascriptEnabled: true, networkConnectionEnabled: false, pageLoadStrategy: normal, platform: WINDOWS, platformName: WINDOWS, proxy: Proxy(), setWindowRect: true, strictFileInteractability: false, timeouts: {implicit: 0, pageLoad: 300000, script: 30000}, unhandledPromptBehavior: dismiss and notify, webauthn:extension:credBlob: true, webauthn:extension:largeBlob: true, webauthn:virtualAuthenticators: true}
Session ID: 8afed2694044bcc85e3d442709c85f2b
*** Element info: {Using=xpath, value=//*[@id=&#039;ContentPlaceHolder1_grdUserReminder&#039;]/tbody/tr[2]/td[6]/a}" type="org.openqa.selenium.NoSuchElementException">
      <![CDATA[org.openqa.selenium.NoSuchElementException: no such element: Unable to locate element: {"method":"xpath","selector":"//*[@id='ContentPlaceHolder1_grdUserReminder']/tbody/tr[2]/td[6]/a"}
  (Session info: chrome=110.0.5481.78)
For documentation on this error, please visit: http://seleniumhq.org/exceptions/no_such_element.html
Build info: version: '3.141.0', revision: '2ecb7d9a', time: '2018-10-31T20:09:30'
System info: host: 'DESKTOP-J8VA1KP', ip: '192.168.1.2', os.name: 'Windows 10', os.arch: 'amd64', os.version: '10.0', java.version: '17.0.5'
Driver info: org.openqa.selenium.chrome.ChromeDriver
Capabilities {acceptInsecureCerts: false, browserName: chrome, browserVersion: 110.0.5481.78, chrome: {chromedriverVersion: 110.0.5481.77 (65ed616c6e8e..., userDataDir: C:\Users\MAYURI~1\AppData\L...}, goog:chromeOptions: {debuggerAddress: localhost:50161}, javascriptEnabled: true, networkConnectionEnabled: false, pageLoadStrategy: normal, platform: WINDOWS, platformName: WINDOWS, proxy: Proxy(), setWindowRect: true, strictFileInteractability: false, timeouts: {implicit: 0, pageLoad: 300000, script: 30000}, unhandledPromptBehavior: dismiss and notify, webauthn:extension:credBlob: true, webauthn:extension:largeBlob: true, webauthn:virtualAuthenticators: true}
Session ID: 8afed2694044bcc85e3d442709c85f2b
*** Element info: {Using=xpath, value=//*[@id='ContentPlaceHolder1_grdUserReminder']/tbody/tr[2]/td[6]/a}
at java.base/jdk.internal.reflect.NativeConstructorAccessorImpl.newInstance0(Native Method)
at java.base/jdk.internal.reflect.NativeConstructorAccessorImpl.newInstance(NativeConstructorAccessorImpl.java:77)
at java.base/jdk.internal.reflect.DelegatingConstructorAccessorImpl.newInstance(DelegatingConstructorAccessorImpl.java:45)
at java.base/java.lang.reflect.Constructor.newInstanceWithCaller(Constructor.java:499)
at java.base/java.lang.reflect.Constructor.newInstance(Constructor.java:480)
at org.openqa.selenium.remote.http.W3CHttpResponseCodec.createException(W3CHttpResponseCodec.java:187)
at org.openqa.selenium.remote.http.W3CHttpResponseCodec.decode(W3CHttpResponseCodec.java:122)
at org.openqa.selenium.remote.http.W3CHttpResponseCodec.decode(W3CHttpResponseCodec.java:49)
at org.openqa.selenium.remote.HttpCommandExecutor.execute(HttpCommandExecutor.java:158)
at org.openqa.selenium.remote.service.DriverCommandExecutor.execute(DriverCommandExecutor.java:83)
at org.openqa.selenium.remote.RemoteWebDriver.execute(RemoteWebDriver.java:552)
at org.openqa.selenium.remote.RemoteWebDriver.findElement(RemoteWebDriver.java:323)
at org.openqa.selenium.remote.RemoteWebDriver.findElementByXPath(RemoteWebDriver.java:428)
at org.openqa.selenium.By$ByXPath.findElement(By.java:353)
at org.openqa.selenium.remote.RemoteWebDriver.findElement(RemoteWebDriver.java:315)
at cfo.CFOcountPOM.clickViewMsg(CFOcountPOM.java:1863)
at approval.ApprovalcountStatutory.MessageCenter(ApprovalcountStatutory.java:2195)
at java.base/jdk.internal.reflect.NativeMethodAccessorImpl.invoke0(Native Method)
at java.base/jdk.internal.reflect.NativeMethodAccessorImpl.invoke(NativeMethodAccessorImpl.java:77)
at java.base/jdk.internal.reflect.DelegatingMethodAccessorImpl.invoke(DelegatingMethodAccessorImpl.java:43)
at java.base/java.lang.reflect.Method.invoke(Method.java:568)
at org.testng.internal.MethodInvocationHelper.invokeMethod(MethodInvocationHelper.java:133)
at org.testng.internal.TestInvoker.invokeMethod(TestInvoker.java:598)
at org.testng.internal.TestInvoker.invokeTestMethod(TestInvoker.java:173)
at org.testng.internal.MethodRunner.runInSequence(MethodRunner.java:46)
at org.testng.internal.TestInvoker$MethodInvocationAgent.invoke(TestInvoker.java:824)
at org.testng.internal.TestInvoker.invokeTestMethods(TestInvoker.java:146)
at org.testng.internal.TestMethodWorker.invokeTestMethods(TestMethodWorker.java:146)
at org.testng.internal.TestMethodWorker.run(TestMethodWorker.java:128)
at java.base/java.util.ArrayList.forEach(ArrayList.java:1511)
at org.testng.TestRunner.privateRun(TestRunner.java:794)
at org.testng.TestRunner.run(TestRunner.java:596)
at org.testng.SuiteRunner.runTest(SuiteRunner.java:377)
at org.testng.SuiteRunner.runSequentially(SuiteRunner.java:371)
at org.testng.SuiteRunner.privateRun(SuiteRunner.java:332)
at org.testng.SuiteRunner.run(SuiteRunner.java:276)
at org.testng.SuiteRunnerWorker.runSuite(SuiteRunnerWorker.java:53)
at org.testng.SuiteRunnerWorker.run(SuiteRunnerWorker.java:96)
at org.testng.TestNG.runSuitesSequentially(TestNG.java:1212)
at org.testng.TestNG.runSuitesLocally(TestNG.java:1134)
at org.testng.TestNG.runSuites(TestNG.java:1063)
at org.testng.TestNG.run(TestNG.java:1031)
at org.testng.remote.AbstractRemoteTestNG.run(AbstractRemoteTestNG.java:115)
at org.testng.remote.RemoteTestNG.initAndRun(RemoteTestNG.java:251)
at org.testng.remote.RemoteTestNG.main(RemoteTestNG.java:77)
]]>
    </error>
  </testcase> <!-- MessageCenter -->
  <system-out/>
</testsuite> <!-- approval.ApprovalcountStatutory -->
